<?xml version="1.0" encoding="UTF-8"?>
<!-- Generated by org.testng.reporters.JUnitReportReporter -->
<testsuite hostname="LAPTOP-V2MT19DS" failures="0" tests="5" name="testcases.HomePageTest" time="63.663" errors="0" timestamp="2023-06-07T10:49:03 BDT" skipped="0">
  <testcase classname="testcases.HomePageTest" name="StoreLocator" time="10.044"/>
  <system-out/>
  <testcase classname="testcases.HomePageTest" name="SearchItem" time="20.898"/>
  <system-out/>
  <testcase classname="testcases.HomePageTest" name="scrollAndGoToAboutUs" time="12.345"/>
  <system-out/>
  <testcase classname="testcases.HomePageTest" name="logoValidate" time="8.447"/>
  <system-out/>
  <testcase classname="testcases.HomePageTest" name="verifyTitle" time="11.929"/>
  <system-out/>
</testsuite> <!-- testcases.HomePageTest -->
