<?xml version="1.0" encoding="UTF-8"?>
<!-- Generated by org.testng.reporters.JUnitReportReporter -->
<testsuite hostname="LAPTOP-V2MT19DS" failures="0" tests="2" name="testcases.CartPageTest" time="25.520" errors="0" timestamp="2023-06-07T10:49:03 BDT" skipped="0">
  <testcase classname="testcases.CartPageTest" name="cartPageTest" time="13.225"/>
  <system-out/>
  <testcase classname="testcases.CartPageTest" name="SubTotalTest" time="12.295"/>
  <system-out/>
</testsuite> <!-- testcases.CartPageTest -->
