<?xml version="1.0" encoding="UTF-8"?>
<!-- Generated by org.testng.reporters.JUnitReportReporter -->
<testsuite hostname="LAPTOP-V2MT19DS" failures="0" tests="2" name="testcases.FilterTest" time="15.110" errors="0" timestamp="2023-06-07T10:49:03 BDT" skipped="0">
  <testcase classname="testcases.FilterTest" name="scrollAndGoNextPage" time="6.782"/>
  <system-out/>
  <testcase classname="testcases.FilterTest" name="filterBrands" time="8.328"/>
  <system-out/>
</testsuite> <!-- testcases.FilterTest -->
