<?xml version="1.0" encoding="UTF-8"?>
<!-- Generated by org.testng.reporters.JUnitReportReporter -->
<testsuite hostname="LAPTOP-V2MT19DS" failures="0" tests="1" name="testcases.SignUpPageTest" time="12.483" errors="0" timestamp="2023-06-07T10:49:03 BDT" skipped="0">
  <testcase classname="testcases.SignUpPageTest" name="signUpManually" time="12.483"/>
  <system-out/>
</testsuite> <!-- testcases.SignUpPageTest -->
