<?xml version="1.0" encoding="UTF-8"?>
<!-- Generated by org.testng.reporters.JUnitReportReporter -->
<testsuite hostname="LAPTOP-V2MT19DS" failures="0" tests="2" name="testcases.FilterTest" time="25.736" errors="0" timestamp="2023-06-05T11:12:22 BDT" skipped="0">
  <testcase classname="testcases.FilterTest" name="filterBrands" time="13.186"/>
  <system-out/>
  <testcase classname="testcases.FilterTest" name="scrollAndGoNextPage" time="12.550"/>
  <system-out/>
</testsuite> <!-- testcases.FilterTest -->
