<?xml version="1.0" encoding="UTF-8"?>
<!-- Generated by org.testng.reporters.JUnitReportReporter -->
<testsuite hostname="LAPTOP-V2MT19DS" failures="0" tests="2" name="testcases.MyAccountPageTest" time="56.208" errors="0" timestamp="2023-06-05T11:12:22 BDT" skipped="0">
  <testcase classname="testcases.MyAccountPageTest" name="validateDashboard" time="28.460"/>
  <system-out/>
  <testcase classname="testcases.MyAccountPageTest" name="validateMyCoupons" time="27.748"/>
  <system-out/>
</testsuite> <!-- testcases.MyAccountPageTest -->
