<?xml version="1.0" encoding="UTF-8"?>
<!-- Generated by org.testng.reporters.JUnitReportReporter -->
<testsuite hostname="LAPTOP-V2MT19DS" failures="0" tests="2" name="testcases.CartPageTest" time="160.550" errors="0" timestamp="2023-06-05T11:12:22 BDT" skipped="0">
  <testcase classname="testcases.CartPageTest" name="SubTotalTest" time="93.464"/>
  <system-out/>
  <testcase classname="testcases.CartPageTest" name="cartPageTest" time="67.086"/>
  <system-out/>
</testsuite> <!-- testcases.CartPageTest -->
