<?xml version="1.0" encoding="UTF-8"?>
<!-- Generated by org.testng.reporters.JUnitReportReporter -->
<testsuite hostname="LAPTOP-V2MT19DS" failures="0" tests="1" name="testcases.SearchResultPageTest" time="16.960" errors="0" timestamp="2023-06-05T11:12:22 BDT" skipped="0">
  <testcase classname="testcases.SearchResultPageTest" name="isProductAvailable" time="16.960"/>
  <system-out/>
</testsuite> <!-- testcases.SearchResultPageTest -->
